[debug] [2022-11-11T15:56:40.949Z] ----------------------------------------------------------------------
[debug] [2022-11-11T15:56:40.952Z] Command:       C:\Program Files\nodejs\node.exe C:\Users\Hp Pavallion\AppData\Roaming\npm\node_modules\firebase-tools\lib\bin\firebase.js deploy
[debug] [2022-11-11T15:56:40.952Z] CLI Version:   11.15.0
[debug] [2022-11-11T15:56:40.952Z] Platform:      win32
[debug] [2022-11-11T15:56:40.952Z] Node Version:  v16.13.2
[debug] [2022-11-11T15:56:40.958Z] Time:          Fri Nov 11 2022 20:56:40 GMT+0500 (Pakistan Standard Time)
[debug] [2022-11-11T15:56:40.958Z] ----------------------------------------------------------------------
[debug] 
[debug] [2022-11-11T15:56:41.041Z] > command requires scopes: ["email","openid","https://www.googleapis.com/auth/cloudplatformprojects.readonly","https://www.googleapis.com/auth/firebase","https://www.googleapis.com/auth/cloud-platform"]
[debug] [2022-11-11T15:56:41.042Z] > authorizing via signed-in user (aliabbasasif89@gmail.com)
[debug] [2022-11-11T15:56:41.042Z] [iam] checking project react-94b0c for permissions ["firebase.projects.get","firebasehosting.sites.update"]
[debug] [2022-11-11T15:56:41.045Z] >>> [apiv2][query] POST https://cloudresourcemanager.googleapis.com/v1/projects/react-94b0c:testIamPermissions [none]
[debug] [2022-11-11T15:56:41.045Z] >>> [apiv2][(partial)header] POST https://cloudresourcemanager.googleapis.com/v1/projects/react-94b0c:testIamPermissions x-goog-quota-user=projects/react-94b0c
[debug] [2022-11-11T15:56:41.045Z] >>> [apiv2][body] POST https://cloudresourcemanager.googleapis.com/v1/projects/react-94b0c:testIamPermissions {"permissions":["firebase.projects.get","firebasehosting.sites.update"]}
[debug] [2022-11-11T15:56:50.229Z] <<< [apiv2][status] POST https://cloudresourcemanager.googleapis.com/v1/projects/react-94b0c:testIamPermissions 200
[debug] [2022-11-11T15:56:50.230Z] <<< [apiv2][body] POST https://cloudresourcemanager.googleapis.com/v1/projects/react-94b0c:testIamPermissions {"permissions":["firebase.projects.get","firebasehosting.sites.update"]}
[debug] [2022-11-11T15:56:50.233Z] >>> [apiv2][query] GET https://firebase.googleapis.com/v1beta1/projects/react-94b0c [none]
[debug] [2022-11-11T15:56:51.004Z] <<< [apiv2][status] GET https://firebase.googleapis.com/v1beta1/projects/react-94b0c 200
[debug] [2022-11-11T15:56:51.005Z] <<< [apiv2][body] GET https://firebase.googleapis.com/v1beta1/projects/react-94b0c {"projectId":"react-94b0c","projectNumber":"445272711183","displayName":"React","name":"projects/react-94b0c","resources":{"hostingSite":"react-94b0c","realtimeDatabaseInstance":"react-94b0c-default-rtdb"},"state":"ACTIVE","etag":"1_fc1af654-1b84-4e52-88d6-34cbc6ed5d79"}
[info] 
[info] === Deploying to 'react-94b0c'...
[info] 
[info] i  deploying hosting 
[debug] [2022-11-11T15:56:51.022Z] >>> [apiv2][query] POST https://firebasehosting.googleapis.com/v1beta1/projects/-/sites/react-94b0c/versions [none]
[debug] [2022-11-11T15:56:51.022Z] >>> [apiv2][body] POST https://firebasehosting.googleapis.com/v1beta1/projects/-/sites/react-94b0c/versions {"status":"CREATED","labels":{"deployment-tool":"cli-firebase"}}
[debug] [2022-11-11T15:56:53.254Z] <<< [apiv2][status] POST https://firebasehosting.googleapis.com/v1beta1/projects/-/sites/react-94b0c/versions 200
[debug] [2022-11-11T15:56:53.254Z] <<< [apiv2][body] POST https://firebasehosting.googleapis.com/v1beta1/projects/-/sites/react-94b0c/versions {"name":"projects/445272711183/sites/react-94b0c/versions/da288183abed94ce","status":"CREATED","config":{},"labels":{"deployment-tool":"cli-firebase"}}
[info] i  hosting[react-94b0c]: beginning deploy... 
[info] i  hosting[react-94b0c]: found 15 files in build 
[debug] [2022-11-11T15:56:53.303Z] [hosting] uploading with 200 concurrency
[debug] [2022-11-11T15:56:54.860Z] [hosting] hash cache [YnVpbGQ] stored for 15 files
[debug] [2022-11-11T15:56:54.860Z] [hosting][hash queue][FINAL] {"max":1540,"min":4,"avg":117.33333333333333,"active":0,"complete":15,"success":15,"errored":0,"retried":0,"total":15,"elapsed":1551}
[debug] [2022-11-11T15:56:54.861Z] >>> [apiv2][query] POST https://firebasehosting.googleapis.com/v1beta1/projects/445272711183/sites/react-94b0c/versions/da288183abed94ce:populateFiles [none]
[debug] [2022-11-11T15:56:54.862Z] >>> [apiv2][body] POST https://firebasehosting.googleapis.com/v1beta1/projects/445272711183/sites/react-94b0c/versions/da288183abed94ce:populateFiles {"files":{"/favicon.ico":"eae62e993eb980ec8a25058c39d5a51feab118bd2100c4deebb2a9c158ec11f9","/logo192.png":"3ee59515172ee198f3be375979df15ac5345183e656720a381b8872b2a39dc8b","/logo512.png":"ee7e2f3fdb8209c4b6fd7bef6ba50d1b9dba30a25bb5c3126df057e1cb6f5331","/manifest.json":"aff3449bdc238776f5d6d967f19ec491b36aed5fb7f23ccff6500736fd58494a","/robots.txt":"bfe106a3fb878dc83461c86818bf74fc1bdc7f28538ba613cd3e775516ce8b49","/asset-manifest.json":"b7b2c03324fb63dd09ff57cadd5cf7b1c613892071999291928a1761705bb695","/index.html":"070e8398839d68fed5a58fe0e02b595727032e2f2216dcec1ee7a927e58b6847","/static/css/main.2d0c5c3b.css.map":"a84269dbc5c766efe7a7ee213b0342676931a172d3ad0d76899141545d2d245b","/static/js/787.270c0e19.chunk.js":"be52a2ceb80249477e4147ac021b17b0b447f426fd056115d9c7e6d82110de3f","/static/css/main.2d0c5c3b.css":"d07e346106781e9031518593446308f2d0259061ff55c6ff5e18a356ae5d7f7c","/static/media/logo.6ce24c58023cc2f8fd88fe9d219db6c6.svg":"ac1a3d8899432561573d6a5cf56459437c09b902599a1deb91c0f8d4bb40459d","/static/js/787.270c0e19.chunk.js.map":"f5f48d76c93df750f403f051c208eca9be1aa801108c440009782068da69cfe6","/static/js/main.b04aa10a.js.LICENSE.txt":"56751b250a32fd0433d67a3be9817caa9ccf6912ba2d90e2bedd5d4c60bef879","/static/js/main.b04aa10a.js":"4e92b4df47f98348d641ed26dcf13c962e6d2ab23f9c8d65d93adb2571a33d61","/static/js/main.b04aa10a.js.map":"98c90afe621e06590e68496821f4c58f3a24e77857fc393ed2d3fa8b2c3a6f10"}}
[debug] [2022-11-11T15:56:57.142Z] <<< [apiv2][status] POST https://firebasehosting.googleapis.com/v1beta1/projects/445272711183/sites/react-94b0c/versions/da288183abed94ce:populateFiles 200
[debug] [2022-11-11T15:56:57.143Z] <<< [apiv2][body] POST https://firebasehosting.googleapis.com/v1beta1/projects/445272711183/sites/react-94b0c/versions/da288183abed94ce:populateFiles {"uploadRequiredHashes":["070e8398839d68fed5a58fe0e02b595727032e2f2216dcec1ee7a927e58b6847","98c90afe621e06590e68496821f4c58f3a24e77857fc393ed2d3fa8b2c3a6f10","4e92b4df47f98348d641ed26dcf13c962e6d2ab23f9c8d65d93adb2571a33d61","b7b2c03324fb63dd09ff57cadd5cf7b1c613892071999291928a1761705bb695"],"uploadUrl":"https://upload-firebasehosting.googleapis.com/upload/sites/react-94b0c/versions/da288183abed94ce/files"}
[debug] [2022-11-11T15:56:57.144Z] >>> [apiv2][query] POST https://upload-firebasehosting.googleapis.com/upload/sites/react-94b0c/versions/da288183abed94ce/files/070e8398839d68fed5a58fe0e02b595727032e2f2216dcec1ee7a927e58b6847 [none]
[debug] [2022-11-11T15:56:57.145Z] >>> [apiv2][body] POST https://upload-firebasehosting.googleapis.com/upload/sites/react-94b0c/versions/da288183abed94ce/files/070e8398839d68fed5a58fe0e02b595727032e2f2216dcec1ee7a927e58b6847 [stream]
[debug] [2022-11-11T15:56:57.146Z] >>> [apiv2][query] POST https://upload-firebasehosting.googleapis.com/upload/sites/react-94b0c/versions/da288183abed94ce/files/98c90afe621e06590e68496821f4c58f3a24e77857fc393ed2d3fa8b2c3a6f10 [none]
[debug] [2022-11-11T15:56:57.146Z] >>> [apiv2][body] POST https://upload-firebasehosting.googleapis.com/upload/sites/react-94b0c/versions/da288183abed94ce/files/98c90afe621e06590e68496821f4c58f3a24e77857fc393ed2d3fa8b2c3a6f10 [stream]
[debug] [2022-11-11T15:56:57.147Z] >>> [apiv2][query] POST https://upload-firebasehosting.googleapis.com/upload/sites/react-94b0c/versions/da288183abed94ce/files/4e92b4df47f98348d641ed26dcf13c962e6d2ab23f9c8d65d93adb2571a33d61 [none]
[debug] [2022-11-11T15:56:57.147Z] >>> [apiv2][body] POST https://upload-firebasehosting.googleapis.com/upload/sites/react-94b0c/versions/da288183abed94ce/files/4e92b4df47f98348d641ed26dcf13c962e6d2ab23f9c8d65d93adb2571a33d61 [stream]
[debug] [2022-11-11T15:56:57.149Z] >>> [apiv2][query] POST https://upload-firebasehosting.googleapis.com/upload/sites/react-94b0c/versions/da288183abed94ce/files/b7b2c03324fb63dd09ff57cadd5cf7b1c613892071999291928a1761705bb695 [none]
[debug] [2022-11-11T15:56:57.149Z] >>> [apiv2][body] POST https://upload-firebasehosting.googleapis.com/upload/sites/react-94b0c/versions/da288183abed94ce/files/b7b2c03324fb63dd09ff57cadd5cf7b1c613892071999291928a1761705bb695 [stream]
[debug] [2022-11-11T15:56:57.150Z] [hosting][populate queue][FINAL] {"max":2288,"min":2288,"avg":2288,"active":0,"complete":1,"success":1,"errored":0,"retried":0,"total":1,"elapsed":2294}
[debug] [2022-11-11T15:56:57.150Z] [hosting] uploads queued: 4
[debug] [2022-11-11T15:57:00.188Z] <<< [apiv2][status] POST https://upload-firebasehosting.googleapis.com/upload/sites/react-94b0c/versions/da288183abed94ce/files/b7b2c03324fb63dd09ff57cadd5cf7b1c613892071999291928a1761705bb695 200
[debug] [2022-11-11T15:57:00.188Z] <<< [apiv2][body] POST https://upload-firebasehosting.googleapis.com/upload/sites/react-94b0c/versions/da288183abed94ce/files/b7b2c03324fb63dd09ff57cadd5cf7b1c613892071999291928a1761705bb695 [stream]
[debug] [2022-11-11T15:57:01.406Z] <<< [apiv2][status] POST https://upload-firebasehosting.googleapis.com/upload/sites/react-94b0c/versions/da288183abed94ce/files/070e8398839d68fed5a58fe0e02b595727032e2f2216dcec1ee7a927e58b6847 200
[debug] [2022-11-11T15:57:01.406Z] <<< [apiv2][body] POST https://upload-firebasehosting.googleapis.com/upload/sites/react-94b0c/versions/da288183abed94ce/files/070e8398839d68fed5a58fe0e02b595727032e2f2216dcec1ee7a927e58b6847 [stream]
[debug] [2022-11-11T15:57:03.917Z] <<< [apiv2][status] POST https://upload-firebasehosting.googleapis.com/upload/sites/react-94b0c/versions/da288183abed94ce/files/4e92b4df47f98348d641ed26dcf13c962e6d2ab23f9c8d65d93adb2571a33d61 200
[debug] [2022-11-11T15:57:03.918Z] <<< [apiv2][body] POST https://upload-firebasehosting.googleapis.com/upload/sites/react-94b0c/versions/da288183abed94ce/files/4e92b4df47f98348d641ed26dcf13c962e6d2ab23f9c8d65d93adb2571a33d61 [stream]
[debug] [2022-11-11T15:57:06.932Z] <<< [apiv2][status] POST https://upload-firebasehosting.googleapis.com/upload/sites/react-94b0c/versions/da288183abed94ce/files/98c90afe621e06590e68496821f4c58f3a24e77857fc393ed2d3fa8b2c3a6f10 200
[debug] [2022-11-11T15:57:06.933Z] <<< [apiv2][body] POST https://upload-firebasehosting.googleapis.com/upload/sites/react-94b0c/versions/da288183abed94ce/files/98c90afe621e06590e68496821f4c58f3a24e77857fc393ed2d3fa8b2c3a6f10 [stream]
[debug] [2022-11-11T15:57:06.933Z] [hosting][upload queue][FINAL] {"max":9789,"min":3045,"avg":5967.75,"active":0,"complete":4,"success":4,"errored":0,"retried":0,"total":4,"elapsed":9790}
[info] +  hosting[react-94b0c]: file upload complete 
[debug] [2022-11-11T15:57:06.937Z] [hosting] deploy completed after 13676ms
[debug] [2022-11-11T15:57:06.946Z] [
  {
    "config": {
      "public": "build",
      "ignore": [
        "firebase.json",
        "**/.*",
        "**/node_modules/**"
      ],
      "rewrites": [
        {
          "source": "**",
          "destination": "/index.html"
        }
      ],
      "site": "react-94b0c"
    },
    "version": "projects/445272711183/sites/react-94b0c/versions/da288183abed94ce"
  }
]
[info] i  hosting[react-94b0c]: finalizing version... 
[debug] [2022-11-11T15:57:06.956Z] >>> [apiv2][query] PATCH https://firebasehosting.googleapis.com/v1beta1/projects/-/sites/react-94b0c/versions/da288183abed94ce updateMask=status%2Cconfig
[debug] [2022-11-11T15:57:06.957Z] >>> [apiv2][body] PATCH https://firebasehosting.googleapis.com/v1beta1/projects/-/sites/react-94b0c/versions/da288183abed94ce {"status":"FINALIZED","config":{"rewrites":[{"glob":"**","path":"/index.html"}]}}
[debug] [2022-11-11T15:57:11.860Z] <<< [apiv2][status] PATCH https://firebasehosting.googleapis.com/v1beta1/projects/-/sites/react-94b0c/versions/da288183abed94ce 200
[debug] [2022-11-11T15:57:11.860Z] <<< [apiv2][body] PATCH https://firebasehosting.googleapis.com/v1beta1/projects/-/sites/react-94b0c/versions/da288183abed94ce {"name":"projects/445272711183/sites/react-94b0c/versions/da288183abed94ce","status":"FINALIZED","config":{"rewrites":[{"glob":"**","path":"/index.html"}]},"labels":{"deployment-tool":"cli-firebase"},"createTime":"2022-11-11T15:56:52.381232Z","createUser":{"email":"aliabbasasif89@gmail.com"},"finalizeTime":"2022-11-11T15:57:09.638789Z","finalizeUser":{"email":"aliabbasasif89@gmail.com"}}
[debug] [2022-11-11T15:57:11.860Z] [hosting] finalized version for react-94b0c:[object Object]
[info] +  hosting[react-94b0c]: version finalized 
[info] i  hosting[react-94b0c]: releasing new version... 
[debug] [2022-11-11T15:57:11.869Z] >>> [apiv2][query] POST https://firebasehosting.googleapis.com/v1beta1/projects/-/sites/react-94b0c/channels/live/releases versionName=projects%2F445272711183%2Fsites%2Freact-94b0c%2Fversions%2Fda288183abed94ce
[debug] [2022-11-11T15:57:11.869Z] >>> [apiv2][body] POST https://firebasehosting.googleapis.com/v1beta1/projects/-/sites/react-94b0c/channels/live/releases {}
[debug] [2022-11-11T15:57:20.427Z] <<< [apiv2][status] POST https://firebasehosting.googleapis.com/v1beta1/projects/-/sites/react-94b0c/channels/live/releases 200
[debug] [2022-11-11T15:57:20.427Z] <<< [apiv2][body] POST https://firebasehosting.googleapis.com/v1beta1/projects/-/sites/react-94b0c/channels/live/releases {"name":"projects/445272711183/sites/react-94b0c/channels/live/releases/1668182237255503","version":{"name":"projects/445272711183/sites/react-94b0c/versions/da288183abed94ce","status":"FINALIZED","config":{"rewrites":[{"glob":"**","path":"/index.html"}]},"labels":{"deployment-tool":"cli-firebase"},"createTime":"2022-11-11T15:56:52.381232Z","createUser":{"email":"aliabbasasif89@gmail.com","imageUrl":"https://lh3.googleusercontent.com/a/ALm5wu1wlBQZZTqV9wxJVbIMw8yJZe8qhWVf3Ae1mav61g"},"finalizeTime":"2022-11-11T15:57:09.638789Z","finalizeUser":{"email":"aliabbasasif89@gmail.com","imageUrl":"https://lh3.googleusercontent.com/a/ALm5wu1wlBQZZTqV9wxJVbIMw8yJZe8qhWVf3Ae1mav61g"}},"type":"DEPLOY","releaseTime":"2022-11-11T15:57:17.255503121Z","releaseUser":{"email":"aliabbasasif89@gmail.com","imageUrl":"https://lh3.googleusercontent.com/a/ALm5wu1wlBQZZTqV9wxJVbIMw8yJZe8qhWVf3Ae1mav61g"}}
[debug] [2022-11-11T15:57:20.428Z] [hosting] release: {"name":"projects/445272711183/sites/react-94b0c/channels/live/releases/1668182237255503","version":{"name":"projects/445272711183/sites/react-94b0c/versions/da288183abed94ce","status":"FINALIZED","config":{"rewrites":[{"glob":"**","path":"/index.html"}]},"labels":{"deployment-tool":"cli-firebase"},"createTime":"2022-11-11T15:56:52.381232Z","createUser":{"email":"aliabbasasif89@gmail.com","imageUrl":"https://lh3.googleusercontent.com/a/ALm5wu1wlBQZZTqV9wxJVbIMw8yJZe8qhWVf3Ae1mav61g"},"finalizeTime":"2022-11-11T15:57:09.638789Z","finalizeUser":{"email":"aliabbasasif89@gmail.com","imageUrl":"https://lh3.googleusercontent.com/a/ALm5wu1wlBQZZTqV9wxJVbIMw8yJZe8qhWVf3Ae1mav61g"}},"type":"DEPLOY","releaseTime":"2022-11-11T15:57:17.255503121Z","releaseUser":{"email":"aliabbasasif89@gmail.com","imageUrl":"https://lh3.googleusercontent.com/a/ALm5wu1wlBQZZTqV9wxJVbIMw8yJZe8qhWVf3Ae1mav61g"}}
[info] +  hosting[react-94b0c]: release complete 
[info] 
[info] +  Deploy complete! 
[info] 
[info] Project Console: https://console.firebase.google.com/project/react-94b0c/overview
[info] Hosting URL: https://react-94b0c.web.app
